2023-10-01_16:45:26: =======Inicia Servidor=======
2023-10-01_16:45:37: Cierre de sesion.
2023-10-01_16:46:04: Cierre de sesion.
2023-10-01_16:46:21: Inicio de sesion – usuario: admin
2023-10-01_16:47:33: Inicio de sesion – usuario: carlos
2023-10-01_16:47:39: Cierre de sesion.
2023-10-01_16:47:57: Inicio de sesion – usuario: carlos
2023-10-01_16:48:37: Cierre de sesion.
2023-10-01_16:48:51: Cierre de sesion.
2023-10-01_16:49:07: Cierre de sesion.
2023-10-01_16:49:27: Inicio de sesion – usuario: admin
2023-10-01_16:50:45: Cierre de sesion.
2023-10-01_16:50:59: Cierre de sesion.
2023-10-01_16:52:12: Cierre de sesion.
2023-10-01_16:52:53: Cierre de sesion.
2023-10-01_16:53:34: Inicio de sesion – usuario: romina
2023-10-01_16:53:52: Cierre de sesion.
2023-10-01_16:55:41: =======Inicia Servidor=======
2023-10-01_16:56:02: Cierre de sesion.
2023-10-01_16:56:15: Cierre de sesion.
2023-10-01_16:56:27: Cierre de sesion.
2023-10-01_16:56:46: Inicio de sesion – usuario: admin
2023-10-01_16:57:28: Cierre de sesion.
2023-10-01_16:57:32: =======Inicia Servidor=======
2023-10-01_16:57:49: Inicio de sesion – usuario: admin
2023-10-01_17:05:40: Cierre de sesion.
2023-10-01_17:05:46: =======Inicia Servidor=======
2023-10-01_17:06:23: Cierre de sesion.
2023-10-01_17:06:37: =======Inicia Servidor=======
2023-10-01_17:06:48: Cierre de sesion.
2023-10-01_17:08:22: =======Inicia Servidor=======
2023-10-01_17:08:41: Inicio de sesion – usuario: admin
2023-10-01_17:13:35: =======Inicia Servidor=======
2023-10-01_17:13:56: Inicio de sesion – usuario: admin
2023-10-01_17:15:28: =======Inicia Servidor=======
2023-10-01_17:16:00: Inicio de sesion – usuario: admin
2023-10-01_17:16:48: =======Inicia Servidor=======
2023-10-01_17:16:59: Inicio de sesion – usuario: admin
2023-10-01_17:23:40: =======Inicia Servidor=======
2023-10-01_17:23:53: Inicio de sesion – usuario: admin
2023-10-01_17:25:03: =======Inicia Servidor=======
2023-10-01_17:25:13: Inicio de sesion – usuario: admin
2023-10-01_17:26:36: =======Inicia Servidor=======
2023-10-01_17:26:59: Inicio de sesion – usuario: admin
2023-10-01_17:32:45: =======Inicia Servidor=======
2023-10-01_17:32:59: Inicio de sesion – usuario: admin
2023-10-01_17:37:38: Cierre de sesion.
2023-10-01_17:38:18: =======Inicia Servidor=======
2023-10-01_17:38:29: Inicio de sesion – usuario: admin
2023-10-01_17:53:20: =======Inicia Servidor=======
2023-10-01_17:53:36: Inicio de sesion – usuario: admin
2023-10-01_17:54:05: Cierre de sesion.
2023-10-01_17:54:33: =======Inicia Servidor=======
2023-10-01_17:54:52: Inicio de sesion – usuario: admin
2023-10-01_17:55:41: Cierre de sesion.
2023-10-01_17:56:57: =======Inicia Servidor=======
2023-10-01_17:57:29: =======Inicia Servidor=======
2023-10-01_17:58:04: Inicio de sesion – usuario: admin
2023-10-01_17:59:57: Cierre de sesion.
